[debug] > Exec(early(addDefaultCommands), None, None)
[debug] > Exec(addDefaultCommands, None, None)
[debug] > Exec(early(initialize), None, None)
[debug] > Exec(initialize, None, None)
[debug] > Exec(early(addPluginSbtFile="""C:\Users\henao\AppData\Local\Temp\idea1.sbt"""), None, None)
[debug] > Exec(addPluginSbtFile="""C:\Users\henao\AppData\Local\Temp\idea1.sbt""", None, None)
[debug] > Exec(boot, None, None)
[debug] > Exec(writeSbtVersion, None, None)
[debug] > Exec(reload, None, None)
[debug] > Exec(sbtStashOnFailure, None, None)
[debug] > Exec(onFailure loadFailed, None, None)
[debug] > Exec(loadp, None, None)
[info] welcome to sbt 1.5.4 (Oracle Corporation Java 15.0.1)
[debug]       Load.loadUnit: plugins took 132.3298ms
[debug]       Load.loadUnit: defsScala took 0.3652ms
[debug] [Loading] Scanning directory C:\Users\henao\.sbt\1.0\plugins
[debug] [Loading] Found non-root projects 
[debug] [Loading] Done in C:\Users\henao\.sbt\1.0\plugins, returning: ()
[debug] deducing auto plugins based on known facts Set(Atom(sbt.plugins.CorePlugin)) and clauses Clauses(Clause(Atom(sbt.plugins.JvmPlugin),Set(Atom(sbt.plugins.IvyPlugin)))
[debug] Clause(Atom(sbt.ScriptedPlugin),Set(Atom(sbt.plugins.JvmPlugin)))
[debug] Clause(Atom(sbt.plugins.SbtPlugin),Set(Atom(sbt.ScriptedPlugin)))
[debug] Clause(Atom(sbt.plugins.SemanticdbPlugin),Set(Atom(sbt.plugins.JvmPlugin)))
[debug] Clause(Atom(sbt.plugins.JUnitXmlReportPlugin),Set(Atom(sbt.plugins.JvmPlugin)))
[debug] Clause(Atom(sbt.plugins.MiniDependencyTreePlugin),Set(Atom(sbt.plugins.JvmPlugin)))
[debug] Clause(Atom(sbt.plugins.CorePlugin),Set(Atom(sbt.plugins.IvyPlugin)))
[debug] Clause(Atom(sbt.plugins.IvyPlugin),Set(Atom(sbt.plugins.JvmPlugin)))
[debug] Clause(Atom(sbt.plugins.JvmPlugin),Set(Atom(sbt.plugins.SemanticdbPlugin)))
[debug] Clause(Atom(sbt.plugins.JvmPlugin),Set(Atom(sbt.plugins.JUnitXmlReportPlugin)))
[debug] Clause(Atom(sbt.plugins.CorePlugin),Set(Atom(sbt.plugins.Giter8TemplatePlugin)))
[debug] Clause(Atom(sbt.plugins.JvmPlugin),Set(Atom(sbt.plugins.MiniDependencyTreePlugin))))
[debug]   :: deduced result: Matched(sbt.plugins.CorePlugin,sbt.plugins.Giter8TemplatePlugin,sbt.plugins.IvyPlugin,sbt.plugins.JvmPlugin,sbt.plugins.MiniDependencyTreePlugin,sbt.plugins.JUnitXmlReportPlugin,sbt.plugins.SemanticdbPlugin)
[debug] Plugins.deducer#function took 16.6192 ms
[debug]           Load.resolveProject(global-plugins) took 54.6533ms
[debug]         Load.loadTransitive: finalizeProject(Project(id global-plugins, base: C:\Users\henao\.sbt\1.0\plugins, plugins: List(<none>))) took 95.8057ms
[debug] [Loading] Done in C:\Users\henao\.sbt\1.0\plugins, returning: (global-plugins)
[debug]       Load.loadUnit: loadedProjectsRaw took 125.5331ms
[debug]       Load.loadUnit: cleanEvalClasses took 0.2685ms
[debug]     Load.loadUnit(file:/C:/Users/henao/.sbt/1.0/plugins/, ...) took 269.0195ms
[debug]   Load.apply: load took 474.3267ms
[debug]   Load.apply: resolveProjects took 5.7014ms
[debug]   Load.apply: finalTransforms took 75.1271ms
[debug]   Load.apply: config.delegates took 9.7954ms
[debug]   Load.apply: Def.make(settings)... took 564.103ms
[debug]   Load.apply: structureIndex took 132.119ms
[debug]   Load.apply: mkStreams took 1.4422ms
[info] loading global plugins from C:\Users\henao\.sbt\1.0\plugins
[debug] Running task... Cancel: Signal, check cycles: false, forcegc: true
[debug] Load.defaultLoad until apply took 7231.224ms
[debug]           Load.loadUnit: plugins took 54.5713ms
[debug]           Load.loadUnit: defsScala took 0.0064ms
[debug] [Loading] Scanning directory C:\Users\henao\IdeaProjects\repaso\project
[debug]             Load.loadUnit: mkEval took 26.6216ms
[debug] [Loading] Found non-root projects 
[debug] [Loading] Done in C:\Users\henao\IdeaProjects\repaso\project, returning: ()
[debug] deducing auto plugins based on known facts Set(Atom(sbt.plugins.CorePlugin)) and clauses Clauses(Clause(Atom(sbt.plugins.JvmPlugin),Set(Atom(sbt.plugins.IvyPlugin)))
[debug] Clause(Atom(sbt.ScriptedPlugin),Set(Atom(sbt.plugins.JvmPlugin)))
[debug] Clause(Atom(sbt.plugins.SbtPlugin),Set(Atom(sbt.ScriptedPlugin)))
[debug] Clause(Atom(sbt.plugins.SemanticdbPlugin),Set(Atom(sbt.plugins.JvmPlugin)))
[debug] Clause(Atom(sbt.plugins.JUnitXmlReportPlugin),Set(Atom(sbt.plugins.JvmPlugin)))
[debug] Clause(Atom(sbt.plugins.MiniDependencyTreePlugin),Set(Atom(sbt.plugins.JvmPlugin)))
[debug] Clause(Atom(sbt.plugins.CorePlugin),Set(Atom(sbt.plugins.IvyPlugin)))
[debug] Clause(Atom(sbt.plugins.IvyPlugin),Set(Atom(sbt.plugins.JvmPlugin)))
[debug] Clause(Atom(sbt.plugins.JvmPlugin),Set(Atom(sbt.plugins.SemanticdbPlugin)))
[debug] Clause(Atom(sbt.plugins.JvmPlugin),Set(Atom(sbt.plugins.JUnitXmlReportPlugin)))
[debug] Clause(Atom(sbt.plugins.CorePlugin),Set(Atom(sbt.plugins.Giter8TemplatePlugin)))
[debug] Clause(Atom(sbt.plugins.JvmPlugin),Set(Atom(sbt.plugins.MiniDependencyTreePlugin))))
[debug]   :: deduced result: Matched(sbt.plugins.CorePlugin,sbt.plugins.Giter8TemplatePlugin,sbt.plugins.IvyPlugin,sbt.plugins.JvmPlugin,sbt.plugins.MiniDependencyTreePlugin,sbt.plugins.JUnitXmlReportPlugin,sbt.plugins.SemanticdbPlugin)
[debug] Plugins.deducer#function took 1.7603 ms
[info] loading settings for project repaso-build from idea1.sbt ...
[debug]               Load.resolveProject(repaso-build) took 8.2017ms
[debug]             Load.loadTransitive: finalizeProject(Project(id repaso-build, base: C:\Users\henao\IdeaProjects\repaso\project, plugins: List(<none>))) took 10.4952ms
[debug] [Loading] Done in C:\Users\henao\IdeaProjects\repaso\project, returning: (repaso-build)
[debug]           Load.loadUnit: loadedProjectsRaw took 5277.4692ms
[debug]           Load.loadUnit: cleanEvalClasses took 5.0434ms
[debug]         Load.loadUnit(file:/C:/Users/henao/IdeaProjects/repaso/project/, ...) took 5338.4026ms
[debug]       Load.apply: load took 5340.3224ms
[debug]       Load.apply: resolveProjects took 0.0812ms
[debug]       Load.apply: finalTransforms took 12.0264ms
[debug]       Load.apply: config.delegates took 0.3712ms
[debug]       Load.apply: Def.make(settings)... took 195.9188ms
[debug]       Load.apply: structureIndex took 74.2856ms
[debug]       Load.apply: mkStreams took 0.0025ms
[info] loading project definition from C:\Users\henao\IdeaProjects\repaso\project
[debug] Running task... Cancel: Signal, check cycles: false, forcegc: true
[warn] Unrecognized repository Scala Plugin Bundled Repository, ignoring it
[debug]     Load.loadUnit: plugins took 6295.0736ms
[debug]     Load.loadUnit: defsScala took 0.0046ms
[debug] [Loading] Scanning directory C:\Users\henao\IdeaProjects\repaso
[debug]       Load.loadUnit: mkEval took 0.5888ms
[debug] [Loading] Found non-root projects 
[debug] [Loading] Done in C:\Users\henao\IdeaProjects\repaso, returning: ()
[debug] deducing auto plugins based on known facts Set(Atom(sbt.plugins.CorePlugin)) and clauses Clauses(Clause(Atom(sbt.plugins.JvmPlugin),Set(Atom(sbt.plugins.IvyPlugin)))
[debug] Clause(Atom(sbt.ScriptedPlugin),Set(Atom(sbt.plugins.JvmPlugin)))
[debug] Clause(Atom(sbt.plugins.SbtPlugin),Set(Atom(sbt.ScriptedPlugin)))
[debug] Clause(Atom(sbt.plugins.SemanticdbPlugin),Set(Atom(sbt.plugins.JvmPlugin)))
[debug] Clause(Atom(sbt.plugins.JUnitXmlReportPlugin),Set(Atom(sbt.plugins.JvmPlugin)))
[debug] Clause(Atom(sbt.plugins.MiniDependencyTreePlugin),Set(Atom(sbt.plugins.JvmPlugin)))
[debug] Clause(Atom(org.jetbrains.sbt.StructurePlugin),Set(Atom(sbt.plugins.JvmPlugin)))
[debug] Clause(Atom(org.jetbrains.sbt.IdeaShellPlugin),Set(Atom(sbt.plugins.JvmPlugin)))
[debug] Clause(Atom(org.jetbrains.sbt.indices.SbtIntellijIndicesPlugin),Set(Atom(sbt.plugins.JvmPlugin)))
[debug] Clause(Atom(sbt.plugins.CorePlugin),Set(Atom(sbt.plugins.IvyPlugin)))
[debug] Clause(Atom(sbt.plugins.IvyPlugin),Set(Atom(sbt.plugins.JvmPlugin)))
[debug] Clause(Atom(sbt.plugins.JvmPlugin),Set(Atom(sbt.plugins.SemanticdbPlugin)))
[debug] Clause(Atom(sbt.plugins.JvmPlugin),Set(Atom(sbt.plugins.JUnitXmlReportPlugin)))
[debug] Clause(Atom(sbt.plugins.CorePlugin),Set(Atom(sbt.plugins.Giter8TemplatePlugin)))
[debug] Clause(Atom(sbt.plugins.JvmPlugin),Set(Atom(sbt.plugins.MiniDependencyTreePlugin)))
[debug] Clause(Atom(sbt.plugins.JvmPlugin),Set(Atom(org.jetbrains.sbt.StructurePlugin)))
[debug] Clause(Atom(sbt.plugins.JvmPlugin),Set(Atom(org.jetbrains.sbt.IdeaShellPlugin)))
[debug] Clause(And(Set(Atom(sbt.plugins.CorePlugin), Atom(sbt.plugins.JvmPlugin))),Set(Atom(org.jetbrains.sbt.indices.SbtIntellijIndicesPlugin))))
[debug]   :: deduced result: Matched(sbt.plugins.CorePlugin,sbt.plugins.Giter8TemplatePlugin,sbt.plugins.IvyPlugin,sbt.plugins.JvmPlugin,sbt.plugins.SemanticdbPlugin,org.jetbrains.sbt.indices.SbtIntellijIndicesPlugin,sbt.plugins.JUnitXmlReportPlugin,org.jetbrains.sbt.IdeaShellPlugin,org.jetbrains.sbt.StructurePlugin,sbt.plugins.MiniDependencyTreePlugin)
[debug] Plugins.deducer#function took 3.5092 ms
[info] loading settings for project repaso from build.sbt ...
[debug]         Load.resolveProject(repaso) took 34.3093ms
[debug]       Load.loadTransitive: finalizeProject(Project(id repaso, base: C:\Users\henao\IdeaProjects\repaso, plugins: List(<none>))) took 39.1368ms
[debug] [Loading] Done in C:\Users\henao\IdeaProjects\repaso, returning: (repaso)
[debug]     Load.loadUnit: loadedProjectsRaw took 1968.6542ms
[debug]     Load.loadUnit: cleanEvalClasses took 42.9986ms
[debug]   Load.loadUnit(file:/C:/Users/henao/IdeaProjects/repaso/, ...) took 8307.9004ms
[debug] Load.apply: load took 8311.9378ms
[debug] Load.apply: resolveProjects took 0.1816ms
[debug] Load.apply: finalTransforms took 32.8287ms
[debug] Load.apply: config.delegates took 0.4643ms
[debug] Load.apply: Def.make(settings)... took 141.1848ms
[debug] Load.apply: structureIndex took 64.4003ms
[debug] Load.apply: mkStreams took 0.0029ms
[info] set current project to repaso (in build file:/C:/Users/henao/IdeaProjects/repaso/)
[debug] > Exec(sbtPopOnFailure, None, None)
[debug] > Exec(resumeFromFailure, None, None)
[debug] > Exec(notifyUsersAboutShell, None, None)
[debug] > Exec(iflast shell, None, None)
[debug] > Exec(; set ideaPort in Global := 49722 ; idea-shell, None, None)
[debug] > Exec(set ideaPort in Global := 49722, None, None)
[info] Defining Global / ideaPort
[info] The new value will be used by Compile / compile, Test / compile
[debug] Defining 
[debug] 	Global / ideaPort
[debug] 
[debug] The new value will be used by 
[debug] 	Compile / compile
[debug] 	Test / compile
[info] Reapplying settings...
[info] set current project to repaso (in build file:/C:/Users/henao/IdeaProjects/repaso/)
[debug] > Exec(idea-shell, None, None)
